<?xml version="1.0" encoding="UTF-8" ?>
<testsuite errors="0" failures="0" hostname="Yigencongs-MacBook-Pro.local" name="org.wxc.canvas.test.CanvasTest" tests="8" time="6.082" timestamp="2014-04-30T04:50:25">
  <properties>
[...]
</properties>
  <testcase classname="org.wxc.canvas.test.CanvasTest" name="testChooseBrush" time="2.555" />
  <testcase classname="org.wxc.canvas.test.CanvasTest" name="testClearBoard" time="0.267" />
  <testcase classname="org.wxc.canvas.test.CanvasTest" name="testChooseColor" time="0.311" />
  <testcase classname="org.wxc.canvas.test.CanvasTest" name="testChooseStroke" time="0.25" />
  <testcase classname="org.wxc.canvas.test.CanvasTest" name="testAddListener" time="0.402" />
  <testcase classname="org.wxc.canvas.test.CanvasTest" name="testToString" time="0.634" />
  <testcase classname="org.wxc.canvas.test.CanvasTest" name="testHashCode" time="0.724" />
  <testcase classname="org.wxc.canvas.test.CanvasTest" name="testEquals" time="0.716" />
  <system-out><![CDATA[]]></system-out>
  <system-err><![CDATA[]]></system-err>
</testsuite>
